2022-01-27 05:33:22 [info] admin comment secondComment in inf,content is:test
2022-01-27 06:06:06 [get] 192.168.221.1 get mock examination
2022-01-27 08:12:27 [error] For input string: "
3"
2022-01-27 08:13:52 [error] For input string: "
3"
2022-01-27 08:15:24 [error] For input string: "
3"
2022-01-27 08:21:40 [error] For input string: "
3"
2022-01-27 08:22:15 [error] For input string: "
3"
2022-01-27 08:22:37 [error] For input string: "
3"
2022-01-27 08:23:31 [error] For input string: "
3"
2022-01-27 08:24:07 [error] For input string: "
3"
2022-01-27 08:38:28 [error] Request method 'POST' not supported
2022-01-27 08:38:35 [error] token不能为空
2022-01-27 08:39:21 [error] null
