2022-07-16 02:46:08 [error] Could not open JDBC Connection for transaction; nested exception is java.sql.SQLException
2022-07-16 02:47:57 [error] Request method 'POST' not supported
2022-07-16 03:41:37 [error] 
### Error updating database.  Cause: java.sql.SQLException: Field 'date' doesn't have a default value
### The error may involve com.lyun.policelearning.dao.paper.PaperDao.insert-Inline
### The error occurred while setting parameters
### SQL: insert into paper(create_user, title)         values (?, ?)
### Cause: java.sql.SQLException: Field 'date' doesn't have a default value
; Field 'date' doesn't have a default value; nested exception is java.sql.SQLException: Field 'date' doesn't have a default value
2022-07-16 03:42:40 [error] nested exception is org.apache.ibatis.reflection.ReflectionException: There is no getter for property named 'papaerId' in 'class com.lyun.policelearning.entity.PaperQuestion'
2022-07-16 03:43:32 [error] 
### Error updating database.  Cause: java.sql.SQLSyntaxErrorException: Unknown column 'papaer_id' in 'field list'
### The error may involve defaultParameterMap
### The error occurred while setting parameters
### SQL: insert into paper_question(papaer_id,question_id,type)         values (?, ?, ?)
### Cause: java.sql.SQLSyntaxErrorException: Unknown column 'papaer_id' in 'field list'
; bad SQL grammar []; nested exception is java.sql.SQLSyntaxErrorException: Unknown column 'papaer_id' in 'field list'
2022-07-16 03:48:49 [error] token失效，请重新登录。
2022-07-16 03:49:13 [error] token失效，请重新登录。
2022-07-16 04:13:20 [error] Error attempting to get column 'date' from result set.  Cause: java.sql.SQLException: Zero date value prohibited
; Zero date value prohibited; nested exception is java.sql.SQLException: Zero date value prohibited
2022-07-16 04:16:13 [error] Error attempting to get column 'date' from result set.  Cause: java.sql.SQLException: Zero date value prohibited
; Zero date value prohibited; nested exception is java.sql.SQLException: Zero date value prohibited
2022-07-16 04:16:27 [error] null
2022-07-16 04:16:58 [error] null
2022-07-16 04:17:55 [error] null
2022-07-16 04:20:09 [error] null
2022-07-16 04:26:00 [error] 
### Error updating database.  Cause: java.sql.SQLSyntaxErrorException: Unknown column 'paper_id' in 'where clause'
### The error may involve defaultParameterMap
### The error occurred while setting parameters
### SQL: delete from paper where paper_id=?
### Cause: java.sql.SQLSyntaxErrorException: Unknown column 'paper_id' in 'where clause'
; bad SQL grammar []; nested exception is java.sql.SQLSyntaxErrorException: Unknown column 'paper_id' in 'where clause'
